<?xml version="1.0" encoding="UTF-8"?>
<!-- Generated by org.testng.reporters.JUnitXMLReporter -->
<testsuite hostname="tiansc" name="Default test" tests="3" failures="0" timestamp="8 Dec 2021 02:06:57 GMT" time="288.34" errors="0">
  <testcase name="getFirst" time="0.15" classname="com.cmcc.p.poc.automation.test.Set_manager_member"/>
  <testcase name="getFirst2" time="0.005" classname="com.cmcc.p.poc.automation.test.Set_manager_member"/>
  <testcase name="test" time="276.494" classname="com.cmcc.p.poc.automation.test.Set_manager_member"/>
</testsuite> <!-- Default test -->
